app/build/intermediates/manifest_merge_blame_file/debug/manifest-merger-blame-debug-report.txt
1<?xml version="1.0" encoding="utf-8"?>
2<manifest xmlns:android="http://schemas.android.com/apk/res/android"
3    package="com.categorical.gallery"
4    android:versionCode="2"
5    android:versionName="1.1" >
6
7    <uses-sdk
8        android:minSdkVersion="24"
9        android:targetSdkVersion="34" />
10
11    <uses-permission
11-->src\main\AndroidManifest.xml:5:5-6:38
12        android:name="android.permission.READ_EXTERNAL_STORAGE"
12-->src\main\AndroidManifest.xml:5:22-77
13        android:maxSdkVersion="32" />
13-->src\main\AndroidManifest.xml:6:9-35
14    <uses-permission
14-->src\main\AndroidManifest.xml:7:5-8:38
15        android:name="android.permission.WRITE_EXTERNAL_STORAGE"
15-->src\main\AndroidManifest.xml:7:22-78
16        android:maxSdkVersion="29" />
16-->src\main\AndroidManifest.xml:8:9-35
17    <uses-permission android:name="android.permission.READ_MEDIA_IMAGES" />
17-->src\main\AndroidManifest.xml:9:5-76
17-->src\main\AndroidManifest.xml:9:22-73
18    <uses-permission android:name="android.permission.ACCESS_MEDIA_LOCATION" />
18-->src\main\AndroidManifest.xml:10:5-80
18-->src\main\AndroidManifest.xml:10:22-77
19
20    <permission
20-->[androidx.core:core:1.9.0] AndroidManifest.xml:22:5-24:47
21        android:name="com.categorical.gallery.DYNAMIC_RECEIVER_NOT_EXPORTED_PERMISSION"
21-->[androidx.core:core:1.9.0] AndroidManifest.xml:23:9-81
22        android:protectionLevel="signature" />
22-->[androidx.core:core:1.9.0] AndroidManifest.xml:24:9-44
23
24    <uses-permission android:name="com.categorical.gallery.DYNAMIC_RECEIVER_NOT_EXPORTED_PERMISSION" />
24-->[androidx.core:core:1.9.0] AndroidManifest.xml:26:5-97
24-->[androidx.core:core:1.9.0] AndroidManifest.xml:26:22-94
25
26    <application
26-->src\main\AndroidManifest.xml:12:5-81:19
27        android:allowBackup="true"
27-->src\main\AndroidManifest.xml:13:9-35
28        android:appComponentFactory="androidx.core.app.CoreComponentFactory"
28-->[androidx.core:core:1.9.0] AndroidManifest.xml:28:18-86
29        android:debuggable="true"
30        android:extractNativeLibs="false"
31        android:icon="@mipmap/ic_launcher"
31-->src\main\AndroidManifest.xml:14:9-43
32        android:label="@string/app_name"
32-->src\main\AndroidManifest.xml:15:9-41
33        android:requestLegacyExternalStorage="true"
33-->src\main\AndroidManifest.xml:19:9-52
34        android:roundIcon="@mipmap/ic_launcher_round"
34-->src\main\AndroidManifest.xml:16:9-54
35        android:supportsRtl="true"
35-->src\main\AndroidManifest.xml:17:9-35
36        android:theme="@style/Theme.CategoricalGallery" >
36-->src\main\AndroidManifest.xml:18:9-56
37        <activity
37-->src\main\AndroidManifest.xml:22:9-30:20
38            android:name="com.categorical.gallery.MainActivity"
38-->src\main\AndroidManifest.xml:23:13-41
39            android:exported="true"
39-->src\main\AndroidManifest.xml:24:13-36
40            android:screenOrientation="portrait" >
40-->src\main\AndroidManifest.xml:25:13-49
41            <intent-filter>
41-->src\main\AndroidManifest.xml:26:13-29:29
42                <action android:name="android.intent.action.MAIN" />
42-->src\main\AndroidManifest.xml:27:17-69
42-->src\main\AndroidManifest.xml:27:25-66
43
44                <category android:name="android.intent.category.LAUNCHER" />
44-->src\main\AndroidManifest.xml:28:17-77
44-->src\main\AndroidManifest.xml:28:27-74
45            </intent-filter>
46        </activity>
47        <activity
47-->src\main\AndroidManifest.xml:32:9-35:40
48            android:name="com.categorical.gallery.WorkspaceActivity"
48-->src\main\AndroidManifest.xml:33:13-46
49            android:exported="false"
49-->src\main\AndroidManifest.xml:35:13-37
50            android:screenOrientation="portrait" />
50-->src\main\AndroidManifest.xml:34:13-49
51        <activity
51-->src\main\AndroidManifest.xml:37:9-40:40
52            android:name="com.categorical.gallery.AlbumActivity"
52-->src\main\AndroidManifest.xml:38:13-42
53            android:exported="false"
53-->src\main\AndroidManifest.xml:40:13-37
54            android:screenOrientation="portrait" />
54-->src\main\AndroidManifest.xml:39:13-49
55        <activity
55-->src\main\AndroidManifest.xml:42:9-45:40
56            android:name="com.categorical.gallery.ImageViewerActivity"
56-->src\main\AndroidManifest.xml:43:13-48
57            android:exported="false"
57-->src\main\AndroidManifest.xml:45:13-37
58            android:screenOrientation="portrait" />
58-->src\main\AndroidManifest.xml:44:13-49
59        <activity
59-->src\main\AndroidManifest.xml:47:9-50:40
60            android:name="com.categorical.gallery.ImportActivity"
60-->src\main\AndroidManifest.xml:48:13-43
61            android:exported="false"
61-->src\main\AndroidManifest.xml:50:13-37
62            android:screenOrientation="portrait" />
62-->src\main\AndroidManifest.xml:49:13-49
63        <activity
63-->src\main\AndroidManifest.xml:52:9-55:40
64            android:name="com.categorical.gallery.ExportActivity"
64-->src\main\AndroidManifest.xml:53:13-43
65            android:exported="false"
65-->src\main\AndroidManifest.xml:55:13-37
66            android:screenOrientation="portrait" />
66-->src\main\AndroidManifest.xml:54:13-49
67        <activity
67-->src\main\AndroidManifest.xml:57:9-60:40
68            android:name="com.categorical.gallery.MultiImageActivity"
68-->src\main\AndroidManifest.xml:58:13-47
69            android:exported="false"
69-->src\main\AndroidManifest.xml:60:13-37
70            android:screenOrientation="portrait" />
70-->src\main\AndroidManifest.xml:59:13-49
71        <activity
71-->src\main\AndroidManifest.xml:62:9-65:40
72            android:name="com.categorical.gallery.PhotoSelectActivity"
72-->src\main\AndroidManifest.xml:63:13-48
73            android:exported="false"
73-->src\main\AndroidManifest.xml:65:13-37
74            android:screenOrientation="portrait" />
74-->src\main\AndroidManifest.xml:64:13-49
75        <activity
75-->src\main\AndroidManifest.xml:67:9-70:40
76            android:name="com.categorical.gallery.SettingsActivity"
76-->src\main\AndroidManifest.xml:68:13-45
77            android:exported="false"
77-->src\main\AndroidManifest.xml:70:13-37
78            android:screenOrientation="portrait" />
78-->src\main\AndroidManifest.xml:69:13-49
79
80        <provider
81            android:name="androidx.core.content.FileProvider"
81-->src\main\AndroidManifest.xml:73:13-62
82            android:authorities="com.categorical.gallery.fileprovider"
82-->src\main\AndroidManifest.xml:74:13-64
83            android:exported="false"
83-->src\main\AndroidManifest.xml:75:13-37
84            android:grantUriPermissions="true" >
84-->src\main\AndroidManifest.xml:76:13-47
85            <meta-data
85-->src\main\AndroidManifest.xml:77:13-79:54
86                android:name="android.support.FILE_PROVIDER_PATHS"
86-->src\main\AndroidManifest.xml:78:17-67
87                android:resource="@xml/file_paths" />
87-->src\main\AndroidManifest.xml:79:17-51
88        </provider>
89        <provider
89-->[androidx.emoji2:emoji2:1.2.0] AndroidManifest.xml:24:9-32:20
90            android:name="androidx.startup.InitializationProvider"
90-->[androidx.emoji2:emoji2:1.2.0] AndroidManifest.xml:25:13-67
91            android:authorities="com.categorical.gallery.androidx-startup"
91-->[androidx.emoji2:emoji2:1.2.0] AndroidManifest.xml:26:13-68
92            android:exported="false" >
92-->[androidx.emoji2:emoji2:1.2.0] AndroidManifest.xml:27:13-37
93            <meta-data
93-->[androidx.emoji2:emoji2:1.2.0] AndroidManifest.xml:29:13-31:52
94                android:name="androidx.emoji2.text.EmojiCompatInitializer"
94-->[androidx.emoji2:emoji2:1.2.0] AndroidManifest.xml:30:17-75
95                android:value="androidx.startup" />
95-->[androidx.emoji2:emoji2:1.2.0] AndroidManifest.xml:31:17-49
96            <meta-data
96-->[androidx.lifecycle:lifecycle-process:2.6.1] AndroidManifest.xml:29:13-31:52
97                android:name="androidx.lifecycle.ProcessLifecycleInitializer"
97-->[androidx.lifecycle:lifecycle-process:2.6.1] AndroidManifest.xml:30:17-78
98                android:value="androidx.startup" />
98-->[androidx.lifecycle:lifecycle-process:2.6.1] AndroidManifest.xml:31:17-49
99            <meta-data
99-->[androidx.profileinstaller:profileinstaller:1.3.0] AndroidManifest.xml:29:13-31:52
100                android:name="androidx.profileinstaller.ProfileInstallerInitializer"
100-->[androidx.profileinstaller:profileinstaller:1.3.0] AndroidManifest.xml:30:17-85
101                android:value="androidx.startup" />
101-->[androidx.profileinstaller:profileinstaller:1.3.0] AndroidManifest.xml:31:17-49
102        </provider>
103
104        <receiver
104-->[androidx.profileinstaller:profileinstaller:1.3.0] AndroidManifest.xml:34:9-52:20
105            android:name="androidx.profileinstaller.ProfileInstallReceiver"
105-->[androidx.profileinstaller:profileinstaller:1.3.0] AndroidManifest.xml:35:13-76
106            android:directBootAware="false"
106-->[androidx.profileinstaller:profileinstaller:1.3.0] AndroidManifest.xml:36:13-44
107            android:enabled="true"
107-->[androidx.profileinstaller:profileinstaller:1.3.0] AndroidManifest.xml:37:13-35
108            android:exported="true"
108-->[androidx.profileinstaller:profileinstaller:1.3.0] AndroidManifest.xml:38:13-36
109            android:permission="android.permission.DUMP" >
109-->[androidx.profileinstaller:profileinstaller:1.3.0] AndroidManifest.xml:39:13-57
110            <intent-filter>
110-->[androidx.profileinstaller:profileinstaller:1.3.0] AndroidManifest.xml:40:13-42:29
111                <action android:name="androidx.profileinstaller.action.INSTALL_PROFILE" />
111-->[androidx.profileinstaller:profileinstaller:1.3.0] AndroidManifest.xml:41:17-91
111-->[androidx.profileinstaller:profileinstaller:1.3.0] AndroidManifest.xml:41:25-88
112            </intent-filter>
113            <intent-filter>
113-->[androidx.profileinstaller:profileinstaller:1.3.0] AndroidManifest.xml:43:13-45:29
114                <action android:name="androidx.profileinstaller.action.SKIP_FILE" />
114-->[androidx.profileinstaller:profileinstaller:1.3.0] AndroidManifest.xml:44:17-85
114-->[androidx.profileinstaller:profileinstaller:1.3.0] AndroidManifest.xml:44:25-82
115            </intent-filter>
116            <intent-filter>
116-->[androidx.profileinstaller:profileinstaller:1.3.0] AndroidManifest.xml:46:13-48:29
117                <action android:name="androidx.profileinstaller.action.SAVE_PROFILE" />
117-->[androidx.profileinstaller:profileinstaller:1.3.0] AndroidManifest.xml:47:17-88
117-->[androidx.profileinstaller:profileinstaller:1.3.0] AndroidManifest.xml:47:25-85
118            </intent-filter>
119            <intent-filter>
119-->[androidx.profileinstaller:profileinstaller:1.3.0] AndroidManifest.xml:49:13-51:29
120                <action android:name="androidx.profileinstaller.action.BENCHMARK_OPERATION" />
120-->[androidx.profileinstaller:profileinstaller:1.3.0] AndroidManifest.xml:50:17-95
120-->[androidx.profileinstaller:profileinstaller:1.3.0] AndroidManifest.xml:50:25-92
121            </intent-filter>
122        </receiver>
123    </application>
124
125</manifest>